<component name="libraryTable">
  <library name="junit">
    <CLASSES>
      <root url="jar://$PROJECT_DIR$/test/com/facebook/buck/testutil/integration/testlibs/third-party/java/junit/junit-4.8.2.jar!/" />
      <root url="jar://$PROJECT_DIR$/test/com/facebook/buck/testutil/integration/testlibs/third-party/java/junit/junit-4.12.jar!/" />
    </CLASSES>
    <JAVADOC />
    <SOURCES />
  </library>
</component>