<component name="libraryTable">
  <library name="junitparams">
    <CLASSES>
      <root url="jar://$PROJECT_DIR$/third-party/java/junitparams/JUnitParams-1.1.1-sources.jar!/" />
      <root url="jar://$PROJECT_DIR$/third-party/java/junitparams/JUnitParams-1.1.1.jar!/" />
    </CLASSES>
    <JAVADOC />
    <SOURCES />
  </library>
</component>